                      (   int/nccurses.s):00001         * 6809 assembly program generated by cmoc 0.1.80
                      (   int/nccurses.s):00002         
                      (   int/nccurses.s):00003         
                      (   int/nccurses.s):00004                 SECTION code
                      (   int/nccurses.s):00005         
                      (   int/nccurses.s):00006         
                      (   int/nccurses.s):00007         _ClearScreen    IMPORT
                      (   int/nccurses.s):00008         _CopyCharGenROM IMPORT
                      (   int/nccurses.s):00009         _Delay  IMPORT
                      (   int/nccurses.s):00010         _GetKey IMPORT
                      (   int/nccurses.s):00011         _HexToAscii     IMPORT
                      (   int/nccurses.s):00012         _PollChr        IMPORT
                      (   int/nccurses.s):00013         _PrintChr       IMPORT
                      (   int/nccurses.s):00014         _PrintColChr    IMPORT
                      (   int/nccurses.s):00015         ___va_arg       IMPORT
                      (   int/nccurses.s):00016         _abs    IMPORT
                      (   int/nccurses.s):00017         _adddww IMPORT
                      (   int/nccurses.s):00018         _atoi   IMPORT
                      (   int/nccurses.s):00019         _atol   IMPORT
                      (   int/nccurses.s):00020         _atoui  IMPORT
                      (   int/nccurses.s):00021         _atoul  IMPORT
                      (   int/nccurses.s):00022         _box    EXPORT
                      (   int/nccurses.s):00023         
                      (   int/nccurses.s):00024         
                      (   int/nccurses.s):00025         *******************************************************************************
                      (   int/nccurses.s):00026         
                      (   int/nccurses.s):00027         * FUNCTION box(): defined at nccurses.c:22
     0000             (   int/nccurses.s):00028         _box    EQU     *
                      (   int/nccurses.s):00029         * Calling convention: Default
0000 3440             (   int/nccurses.s):00030                 PSHS    U
0002 33E4             (   int/nccurses.s):00031                 LEAU    ,S
0004 327C             (   int/nccurses.s):00032                 LEAS    -4,S
                      (   int/nccurses.s):00033         * Formal parameter(s):
                      (   int/nccurses.s):00034         *      4,U:    2 bytes: w: struct AnonStruct_nccurses.h:50 *
                      (   int/nccurses.s):00035         *      6,U:    2 bytes: a: int
                      (   int/nccurses.s):00036         *      8,U:    2 bytes: b: int
                      (   int/nccurses.s):00037         * Local non-static variable(s):
                      (   int/nccurses.s):00038         *     -4,U:    2 bytes: r: int
                      (   int/nccurses.s):00039         *     -2,U:    2 bytes: c: int
                      (   int/nccurses.s):00040         * Line nccurses.c:23: function call: ncMove()
                      (   int/nccurses.s):00041         * optim: optimizeStackOperations5
                      (   int/nccurses.s):00042         * optim: optimizeStackOperations5
                      (   int/nccurses.s):00043         * optim: optimizeStackOperations5
0006 AE44             (   int/nccurses.s):00044                 LDX     4,U             variable w
0008 EC02             (   int/nccurses.s):00045                 LDD     2,X             member wcol of AnonStruct_nccurses.h:50
000A 830001           (   int/nccurses.s):00046                 SUBD    #$01            optim: optimizeStackOperations5
000D 3406             (   int/nccurses.s):00047                 PSHS    B,A             argument 2 of ncMove(): int
                      (   int/nccurses.s):00048         * optim: optimizeStackOperations5
                      (   int/nccurses.s):00049         * optim: optimizeStackOperations5
                      (   int/nccurses.s):00050         * optim: optimizeStackOperations5
000F AE44             (   int/nccurses.s):00051                 LDX     4,U             variable w
0011 EC84             (   int/nccurses.s):00052                 LDD     ,X              member wrow of AnonStruct_nccurses.h:50
0013 830001           (   int/nccurses.s):00053                 SUBD    #$01            optim: optimizeStackOperations5
0016 3406             (   int/nccurses.s):00054                 PSHS    B,A             argument 1 of ncMove(): int
0018 170000           (   int/nccurses.s):00055                 LBSR    _ncMove
001B 3264             (   int/nccurses.s):00056                 LEAS    4,S
                      (   int/nccurses.s):00057         * Line nccurses.c:24: function call: PrintChr()
001D C6F5             (   int/nccurses.s):00058                 LDB     #$F5            decimal 245 signed
001F 1D               (   int/nccurses.s):00059                 SEX                     promoting byte argument to word
0020 3406             (   int/nccurses.s):00060                 PSHS    B,A             argument 1 of PrintChr(): char
0022 170000           (   int/nccurses.s):00061                 LBSR    _PrintChr
0025 3262             (   int/nccurses.s):00062                 LEAS    2,S
                      (   int/nccurses.s):00063         * Line nccurses.c:26: for init
                      (   int/nccurses.s):00064         * Line nccurses.c:26: assignment: =
0027 4F               (   int/nccurses.s):00065                 CLRA
0028 5F               (   int/nccurses.s):00066                 CLRB
0029 ED5E             (   int/nccurses.s):00067                 STD     -2,U
002B 2027             (   int/nccurses.s):00068                 BRA     L00095          jump to for condition
     002D             (   int/nccurses.s):00069         L00094  EQU     *
                      (   int/nccurses.s):00070         * Line nccurses.c:26: for body
                      (   int/nccurses.s):00071         * Line nccurses.c:27: function call: ncMove()
                      (   int/nccurses.s):00072         * optim: optimizeStackOperations4
                      (   int/nccurses.s):00073         * optim: optimizeStackOperations4
002D AE44             (   int/nccurses.s):00074                 LDX     4,U             variable w
002F EC02             (   int/nccurses.s):00075                 LDD     2,X             member wcol of AnonStruct_nccurses.h:50
0031 E35E             (   int/nccurses.s):00076                 ADDD    -2,U            optim: optimizeStackOperations4
0033 3406             (   int/nccurses.s):00077                 PSHS    B,A             argument 2 of ncMove(): int
                      (   int/nccurses.s):00078         * optim: optimizeStackOperations5
                      (   int/nccurses.s):00079         * optim: optimizeStackOperations5
                      (   int/nccurses.s):00080         * optim: optimizeStackOperations5
0035 AE44             (   int/nccurses.s):00081                 LDX     4,U             variable w
0037 EC84             (   int/nccurses.s):00082                 LDD     ,X              member wrow of AnonStruct_nccurses.h:50
0039 830001           (   int/nccurses.s):00083                 SUBD    #$01            optim: optimizeStackOperations5
003C 3406             (   int/nccurses.s):00084                 PSHS    B,A             argument 1 of ncMove(): int
003E 170000           (   int/nccurses.s):00085                 LBSR    _ncMove
0041 3264             (   int/nccurses.s):00086                 LEAS    4,S
                      (   int/nccurses.s):00087         * Line nccurses.c:28: function call: PrintChr()
0043 C6F3             (   int/nccurses.s):00088                 LDB     #$F3            decimal 243 signed
0045 1D               (   int/nccurses.s):00089                 SEX                     promoting byte argument to word
0046 3406             (   int/nccurses.s):00090                 PSHS    B,A             argument 1 of PrintChr(): char
0048 170000           (   int/nccurses.s):00091                 LBSR    _PrintChr
004B 3262             (   int/nccurses.s):00092                 LEAS    2,S
                      (   int/nccurses.s):00093         * Useless label L00096 removed
                      (   int/nccurses.s):00094         * Line nccurses.c:26: for increment(s)
004D EC5E             (   int/nccurses.s):00095                 LDD     -2,U
004F C30001           (   int/nccurses.s):00096                 ADDD    #1
0052 ED5E             (   int/nccurses.s):00097                 STD     -2,U
     0054             (   int/nccurses.s):00098         L00095  EQU     *
                      (   int/nccurses.s):00099         * Line nccurses.c:26: for condition
0054 4F               (   int/nccurses.s):00100                 CLRA
                      (   int/nccurses.s):00101         * optim: removeUselessOps
                      (   int/nccurses.s):00102         * PSHS B,A optim: optimizeStackOperations1
0055 AE44             (   int/nccurses.s):00103                 LDX     4,U             variable w
0057 EC06             (   int/nccurses.s):00104                 LDD     6,X             member wwidth of AnonStruct_nccurses.h:50
0059 C30001           (   int/nccurses.s):00105                 ADDD    #1              optim: optimizeStackOperations1
                      (   int/nccurses.s):00106         * optim: optimize16BitCompares
                      (   int/nccurses.s):00107         * optim: optimize16BitCompares
005C 10A35E           (   int/nccurses.s):00108                 CMPD    -2,U            optim: optimize16BitCompares
005F 2ECC             (   int/nccurses.s):00109                 BGT     L00094          optim: optimize16BitCompares
                      (   int/nccurses.s):00110         * optim: branchToNextLocation
                      (   int/nccurses.s):00111         * Useless label L00097 removed
                      (   int/nccurses.s):00112         * Line nccurses.c:30: function call: PrintChr()
0061 C6F6             (   int/nccurses.s):00113                 LDB     #$F6            decimal 246 signed
0063 1D               (   int/nccurses.s):00114                 SEX                     promoting byte argument to word
0064 3406             (   int/nccurses.s):00115                 PSHS    B,A             argument 1 of PrintChr(): char
0066 170000           (   int/nccurses.s):00116                 LBSR    _PrintChr
0069 3262             (   int/nccurses.s):00117                 LEAS    2,S
                      (   int/nccurses.s):00118         * Line nccurses.c:31: for init
                      (   int/nccurses.s):00119         * Line nccurses.c:31: assignment: =
006B 4F               (   int/nccurses.s):00120                 CLRA
006C 5F               (   int/nccurses.s):00121                 CLRB
006D ED5C             (   int/nccurses.s):00122                 STD     -4,U
006F 160053           (   int/nccurses.s):00123                 LBRA    L00099          jump to for condition
     0072             (   int/nccurses.s):00124         L00098  EQU     *
                      (   int/nccurses.s):00125         * Line nccurses.c:31: for body
                      (   int/nccurses.s):00126         * Line nccurses.c:32: function call: ncMove()
                      (   int/nccurses.s):00127         * optim: optimizeStackOperations5
                      (   int/nccurses.s):00128         * optim: optimizeStackOperations5
                      (   int/nccurses.s):00129         * optim: optimizeStackOperations5
0072 AE44             (   int/nccurses.s):00130                 LDX     4,U             variable w
0074 EC02             (   int/nccurses.s):00131                 LDD     2,X             member wcol of AnonStruct_nccurses.h:50
0076 830001           (   int/nccurses.s):00132                 SUBD    #$01            optim: optimizeStackOperations5
0079 3406             (   int/nccurses.s):00133                 PSHS    B,A             argument 2 of ncMove(): int
                      (   int/nccurses.s):00134         * optim: optimizeStackOperations4
                      (   int/nccurses.s):00135         * optim: optimizeStackOperations4
007B AE44             (   int/nccurses.s):00136                 LDX     4,U             variable w
007D EC84             (   int/nccurses.s):00137                 LDD     ,X              member wrow of AnonStruct_nccurses.h:50
007F E35C             (   int/nccurses.s):00138                 ADDD    -4,U            optim: optimizeStackOperations4
0081 3406             (   int/nccurses.s):00139                 PSHS    B,A             argument 1 of ncMove(): int
0083 170000           (   int/nccurses.s):00140                 LBSR    _ncMove
0086 3264             (   int/nccurses.s):00141                 LEAS    4,S
                      (   int/nccurses.s):00142         * Line nccurses.c:33: function call: PrintChr()
0088 C6F0             (   int/nccurses.s):00143                 LDB     #$F0            decimal 240 signed
008A 1D               (   int/nccurses.s):00144                 SEX                     promoting byte argument to word
008B 3406             (   int/nccurses.s):00145                 PSHS    B,A             argument 1 of PrintChr(): char
008D 170000           (   int/nccurses.s):00146                 LBSR    _PrintChr
0090 3262             (   int/nccurses.s):00147                 LEAS    2,S
                      (   int/nccurses.s):00148         * Line nccurses.c:34: function call: ncMove()
0092 4F               (   int/nccurses.s):00149                 CLRA
0093 C601             (   int/nccurses.s):00150                 LDB     #$01            decimal 1 signed
0095 3406             (   int/nccurses.s):00151                 PSHS    B,A
0097 AE44             (   int/nccurses.s):00152                 LDX     4,U             variable w
0099 EC06             (   int/nccurses.s):00153                 LDD     6,X             member wwidth of AnonStruct_nccurses.h:50
009B 3406             (   int/nccurses.s):00154                 PSHS    B,A
009D AE44             (   int/nccurses.s):00155                 LDX     4,U             variable w
009F EC02             (   int/nccurses.s):00156                 LDD     2,X             member wcol of AnonStruct_nccurses.h:50
00A1 E3E1             (   int/nccurses.s):00157                 ADDD    ,S++
00A3 E3E1             (   int/nccurses.s):00158                 ADDD    ,S++
00A5 3406             (   int/nccurses.s):00159                 PSHS    B,A             argument 2 of ncMove(): int
                      (   int/nccurses.s):00160         * optim: optimizeStackOperations4
                      (   int/nccurses.s):00161         * optim: optimizeStackOperations4
00A7 AE44             (   int/nccurses.s):00162                 LDX     4,U             variable w
00A9 EC84             (   int/nccurses.s):00163                 LDD     ,X              member wrow of AnonStruct_nccurses.h:50
00AB E35C             (   int/nccurses.s):00164                 ADDD    -4,U            optim: optimizeStackOperations4
00AD 3406             (   int/nccurses.s):00165                 PSHS    B,A             argument 1 of ncMove(): int
00AF 170000           (   int/nccurses.s):00166                 LBSR    _ncMove
00B2 3264             (   int/nccurses.s):00167                 LEAS    4,S
                      (   int/nccurses.s):00168         * Line nccurses.c:35: function call: PrintChr()
00B4 C6F1             (   int/nccurses.s):00169                 LDB     #$F1            decimal 241 signed
00B6 1D               (   int/nccurses.s):00170                 SEX                     promoting byte argument to word
00B7 3406             (   int/nccurses.s):00171                 PSHS    B,A             argument 1 of PrintChr(): char
00B9 170000           (   int/nccurses.s):00172                 LBSR    _PrintChr
00BC 3262             (   int/nccurses.s):00173                 LEAS    2,S
                      (   int/nccurses.s):00174         * Useless label L00100 removed
                      (   int/nccurses.s):00175         * Line nccurses.c:31: for increment(s)
00BE EC5C             (   int/nccurses.s):00176                 LDD     -4,U
00C0 C30001           (   int/nccurses.s):00177                 ADDD    #1
00C3 ED5C             (   int/nccurses.s):00178                 STD     -4,U
     00C5             (   int/nccurses.s):00179         L00099  EQU     *
                      (   int/nccurses.s):00180         * Line nccurses.c:31: for condition
00C5 4F               (   int/nccurses.s):00181                 CLRA
                      (   int/nccurses.s):00182         * optim: removeUselessOps
                      (   int/nccurses.s):00183         * PSHS B,A optim: optimizeStackOperations1
00C6 AE44             (   int/nccurses.s):00184                 LDX     4,U             variable w
00C8 EC04             (   int/nccurses.s):00185                 LDD     4,X             member wheight of AnonStruct_nccurses.h:50
00CA C30001           (   int/nccurses.s):00186                 ADDD    #1              optim: optimizeStackOperations1
                      (   int/nccurses.s):00187         * optim: optimize16BitCompares
                      (   int/nccurses.s):00188         * optim: optimize16BitCompares
00CD 10A35C           (   int/nccurses.s):00189                 CMPD    -4,U            optim: optimize16BitCompares
00D0 102EFF9E         (   int/nccurses.s):00190                 LBGT    L00098          optim: optimize16BitCompares
                      (   int/nccurses.s):00191         * optim: branchToNextLocation
                      (   int/nccurses.s):00192         * Useless label L00101 removed
                      (   int/nccurses.s):00193         * Line nccurses.c:37: function call: ncMove()
                      (   int/nccurses.s):00194         * optim: optimizeStackOperations5
                      (   int/nccurses.s):00195         * optim: optimizeStackOperations5
                      (   int/nccurses.s):00196         * optim: optimizeStackOperations5
00D4 AE44             (   int/nccurses.s):00197                 LDX     4,U             variable w
00D6 EC02             (   int/nccurses.s):00198                 LDD     2,X             member wcol of AnonStruct_nccurses.h:50
00D8 830001           (   int/nccurses.s):00199                 SUBD    #$01            optim: optimizeStackOperations5
00DB 3406             (   int/nccurses.s):00200                 PSHS    B,A             argument 2 of ncMove(): int
00DD 4F               (   int/nccurses.s):00201                 CLRA
00DE C601             (   int/nccurses.s):00202                 LDB     #$01            decimal 1 signed
00E0 3406             (   int/nccurses.s):00203                 PSHS    B,A
00E2 AE44             (   int/nccurses.s):00204                 LDX     4,U             variable w
00E4 EC04             (   int/nccurses.s):00205                 LDD     4,X             member wheight of AnonStruct_nccurses.h:50
00E6 3406             (   int/nccurses.s):00206                 PSHS    B,A
00E8 AE44             (   int/nccurses.s):00207                 LDX     4,U             variable w
00EA EC84             (   int/nccurses.s):00208                 LDD     ,X              member wrow of AnonStruct_nccurses.h:50
00EC E3E1             (   int/nccurses.s):00209                 ADDD    ,S++
00EE E3E1             (   int/nccurses.s):00210                 ADDD    ,S++
00F0 3406             (   int/nccurses.s):00211                 PSHS    B,A             argument 1 of ncMove(): int
00F2 170000           (   int/nccurses.s):00212                 LBSR    _ncMove
00F5 3264             (   int/nccurses.s):00213                 LEAS    4,S
                      (   int/nccurses.s):00214         * Line nccurses.c:38: function call: PrintChr()
00F7 C6F7             (   int/nccurses.s):00215                 LDB     #$F7            decimal 247 signed
00F9 1D               (   int/nccurses.s):00216                 SEX                     promoting byte argument to word
00FA 3406             (   int/nccurses.s):00217                 PSHS    B,A             argument 1 of PrintChr(): char
00FC 170000           (   int/nccurses.s):00218                 LBSR    _PrintChr
00FF 3262             (   int/nccurses.s):00219                 LEAS    2,S
                      (   int/nccurses.s):00220         * Line nccurses.c:39: for init
                      (   int/nccurses.s):00221         * Line nccurses.c:39: assignment: =
0101 4F               (   int/nccurses.s):00222                 CLRA
0102 5F               (   int/nccurses.s):00223                 CLRB
0103 ED5E             (   int/nccurses.s):00224                 STD     -2,U
0105 2033             (   int/nccurses.s):00225                 BRA     L00103          jump to for condition
     0107             (   int/nccurses.s):00226         L00102  EQU     *
                      (   int/nccurses.s):00227         * Line nccurses.c:39: for body
                      (   int/nccurses.s):00228         * Line nccurses.c:40: function call: ncMove()
                      (   int/nccurses.s):00229         * optim: optimizeStackOperations4
                      (   int/nccurses.s):00230         * optim: optimizeStackOperations4
0107 AE44             (   int/nccurses.s):00231                 LDX     4,U             variable w
0109 EC02             (   int/nccurses.s):00232                 LDD     2,X             member wcol of AnonStruct_nccurses.h:50
010B E35E             (   int/nccurses.s):00233                 ADDD    -2,U            optim: optimizeStackOperations4
010D 3406             (   int/nccurses.s):00234                 PSHS    B,A             argument 2 of ncMove(): int
010F 4F               (   int/nccurses.s):00235                 CLRA
0110 C601             (   int/nccurses.s):00236                 LDB     #$01            decimal 1 signed
0112 3406             (   int/nccurses.s):00237                 PSHS    B,A
0114 AE44             (   int/nccurses.s):00238                 LDX     4,U             variable w
0116 EC04             (   int/nccurses.s):00239                 LDD     4,X             member wheight of AnonStruct_nccurses.h:50
0118 3406             (   int/nccurses.s):00240                 PSHS    B,A
011A AE44             (   int/nccurses.s):00241                 LDX     4,U             variable w
011C EC84             (   int/nccurses.s):00242                 LDD     ,X              member wrow of AnonStruct_nccurses.h:50
011E E3E1             (   int/nccurses.s):00243                 ADDD    ,S++
0120 E3E1             (   int/nccurses.s):00244                 ADDD    ,S++
0122 3406             (   int/nccurses.s):00245                 PSHS    B,A             argument 1 of ncMove(): int
0124 170000           (   int/nccurses.s):00246                 LBSR    _ncMove
0127 3264             (   int/nccurses.s):00247                 LEAS    4,S
                      (   int/nccurses.s):00248         * Line nccurses.c:41: function call: PrintChr()
0129 C6F2             (   int/nccurses.s):00249                 LDB     #$F2            decimal 242 signed
012B 1D               (   int/nccurses.s):00250                 SEX                     promoting byte argument to word
012C 3406             (   int/nccurses.s):00251                 PSHS    B,A             argument 1 of PrintChr(): char
012E 170000           (   int/nccurses.s):00252                 LBSR    _PrintChr
0131 3262             (   int/nccurses.s):00253                 LEAS    2,S
                      (   int/nccurses.s):00254         * Useless label L00104 removed
                      (   int/nccurses.s):00255         * Line nccurses.c:39: for increment(s)
0133 EC5E             (   int/nccurses.s):00256                 LDD     -2,U
0135 C30001           (   int/nccurses.s):00257                 ADDD    #1
0138 ED5E             (   int/nccurses.s):00258                 STD     -2,U
     013A             (   int/nccurses.s):00259         L00103  EQU     *
                      (   int/nccurses.s):00260         * Line nccurses.c:39: for condition
013A 4F               (   int/nccurses.s):00261                 CLRA
                      (   int/nccurses.s):00262         * optim: removeUselessOps
                      (   int/nccurses.s):00263         * PSHS B,A optim: optimizeStackOperations1
013B AE44             (   int/nccurses.s):00264                 LDX     4,U             variable w
013D EC06             (   int/nccurses.s):00265                 LDD     6,X             member wwidth of AnonStruct_nccurses.h:50
013F C30001           (   int/nccurses.s):00266                 ADDD    #1              optim: optimizeStackOperations1
                      (   int/nccurses.s):00267         * optim: optimize16BitCompares
                      (   int/nccurses.s):00268         * optim: optimize16BitCompares
0142 10A35E           (   int/nccurses.s):00269                 CMPD    -2,U            optim: optimize16BitCompares
0145 2EC0             (   int/nccurses.s):00270                 BGT     L00102          optim: optimize16BitCompares
                      (   int/nccurses.s):00271         * optim: branchToNextLocation
                      (   int/nccurses.s):00272         * Useless label L00105 removed
                      (   int/nccurses.s):00273         * Line nccurses.c:43: function call: PrintChr()
0147 C6F8             (   int/nccurses.s):00274                 LDB     #$F8            decimal 248 signed
0149 1D               (   int/nccurses.s):00275                 SEX                     promoting byte argument to word
014A 3406             (   int/nccurses.s):00276                 PSHS    B,A             argument 1 of PrintChr(): char
014C 170000           (   int/nccurses.s):00277                 LBSR    _PrintChr
014F 3262             (   int/nccurses.s):00278                 LEAS    2,S
                      (   int/nccurses.s):00279         * Useless label L00088 removed
0151 32C4             (   int/nccurses.s):00280                 LEAS    ,U
0153 35C0             (   int/nccurses.s):00281                 PULS    U,PC
                      (   int/nccurses.s):00282         * END FUNCTION box(): defined at nccurses.c:22
     0155             (   int/nccurses.s):00283         funcend_box     EQU *
     0155             (   int/nccurses.s):00284         funcsize_box    EQU     funcend_box-_box
                      (   int/nccurses.s):00285         _bsearch        IMPORT
                      (   int/nccurses.s):00286         _cmpdww IMPORT
                      (   int/nccurses.s):00287         _delay  IMPORT
                      (   int/nccurses.s):00288         _divdwb IMPORT
                      (   int/nccurses.s):00289         _divdww IMPORT
                      (   int/nccurses.s):00290         _divmod16       IMPORT
                      (   int/nccurses.s):00291         _divmod8        IMPORT
                      (   int/nccurses.s):00292         _dwtoa  IMPORT
                      (   int/nccurses.s):00293         _enableCMOCFloatSupport IMPORT
                      (   int/nccurses.s):00294         _exit   IMPORT
                      (   int/nccurses.s):00295         _init_pair      EXPORT
                      (   int/nccurses.s):00296         
                      (   int/nccurses.s):00297         
                      (   int/nccurses.s):00298         *******************************************************************************
                      (   int/nccurses.s):00299         
                      (   int/nccurses.s):00300         * FUNCTION init_pair(): defined at nccurses.c:95
     0155             (   int/nccurses.s):00301         _init_pair      EQU     *
                      (   int/nccurses.s):00302         * Calling convention: Default
0155 3440             (   int/nccurses.s):00303                 PSHS    U
0157 33E4             (   int/nccurses.s):00304                 LEAU    ,S
0159 327F             (   int/nccurses.s):00305                 LEAS    -1,S
                      (   int/nccurses.s):00306         * Formal parameter(s):
                      (   int/nccurses.s):00307         *      4,U:    2 bytes: foreground: int
                      (   int/nccurses.s):00308         *      6,U:    2 bytes: background: int
                      (   int/nccurses.s):00309         * Local non-static variable(s):
                      (   int/nccurses.s):00310         *     -1,U:    1 byte : colourByte: unsigned char
                      (   int/nccurses.s):00311         * Line nccurses.c:97: assignment: =
015B EC44             (   int/nccurses.s):00312                 LDD     4,U             variable `foreground', declared at nccurses.c:95
                      (   int/nccurses.s):00313         * Cast from `int' to byte: result already in B
015D 58               (   int/nccurses.s):00314                 LSLB
015E 58               (   int/nccurses.s):00315                 LSLB
015F 58               (   int/nccurses.s):00316                 LSLB
0160 58               (   int/nccurses.s):00317                 LSLB
0161 E75F             (   int/nccurses.s):00318                 STB     -1,U
                      (   int/nccurses.s):00319         * Line nccurses.c:98: assignment: +=
0163 EC46             (   int/nccurses.s):00320                 LDD     6,U             variable `background', declared at nccurses.c:95
                      (   int/nccurses.s):00321         * Cast from `int' to byte: result already in B
0165 EB5F             (   int/nccurses.s):00322                 ADDB    -1,U            optim: pushBLoadAdd
                      (   int/nccurses.s):00323         * 
                      (   int/nccurses.s):00324         * 
0167 E75F             (   int/nccurses.s):00325                 STB     -1,U
0169 4F               (   int/nccurses.s):00326                 CLRA
                      (   int/nccurses.s):00327         * Line nccurses.c:101: return with value
016A E65F             (   int/nccurses.s):00328                 LDB     -1,U            variable `colourByte', declared at nccurses.c:96
                      (   int/nccurses.s):00329         * optim: branchToNextLocation
                      (   int/nccurses.s):00330         * Useless label L00093 removed
016C 32C4             (   int/nccurses.s):00331                 LEAS    ,U
016E 35C0             (   int/nccurses.s):00332                 PULS    U,PC
                      (   int/nccurses.s):00333         * END FUNCTION init_pair(): defined at nccurses.c:95
     0170             (   int/nccurses.s):00334         funcend_init_pair       EQU *
     001B             (   int/nccurses.s):00335         funcsize_init_pair      EQU     funcend_init_pair-_init_pair
                      (   int/nccurses.s):00336         _isalnum        IMPORT
                      (   int/nccurses.s):00337         _isalpha        IMPORT
                      (   int/nccurses.s):00338         _isdigit        IMPORT
                      (   int/nccurses.s):00339         _isspace        IMPORT
                      (   int/nccurses.s):00340         _itoa10 IMPORT
                      (   int/nccurses.s):00341         _labs   IMPORT
                      (   int/nccurses.s):00342         _ltoa10 IMPORT
                      (   int/nccurses.s):00343         _memchr IMPORT
                      (   int/nccurses.s):00344         _memcmp IMPORT
                      (   int/nccurses.s):00345         _memcpy IMPORT
                      (   int/nccurses.s):00346         _memichr        IMPORT
                      (   int/nccurses.s):00347         _memicmp        IMPORT
                      (   int/nccurses.s):00348         _memmove        IMPORT
                      (   int/nccurses.s):00349         _memset IMPORT
                      (   int/nccurses.s):00350         _memset16       IMPORT
                      (   int/nccurses.s):00351         _mulwb  IMPORT
                      (   int/nccurses.s):00352         _mulww  IMPORT
                      (   int/nccurses.s):00353         _ncMove IMPORT
                      (   int/nccurses.s):00354         _newOutputRoutine       IMPORT
                      (   int/nccurses.s):00355         _newwin EXPORT
                      (   int/nccurses.s):00356         
                      (   int/nccurses.s):00357         
                      (   int/nccurses.s):00358         *******************************************************************************
                      (   int/nccurses.s):00359         
                      (   int/nccurses.s):00360         * FUNCTION newwin(): defined at nccurses.c:82
     0170             (   int/nccurses.s):00361         _newwin EQU     *
                      (   int/nccurses.s):00362         * Calling convention: Default
0170 3440             (   int/nccurses.s):00363                 PSHS    U
0172 33E4             (   int/nccurses.s):00364                 LEAU    ,S
0174 327E             (   int/nccurses.s):00365                 LEAS    -2,S
                      (   int/nccurses.s):00366         * Formal parameter(s):
                      (   int/nccurses.s):00367         *      4,U:    2 bytes: num_lines: int
                      (   int/nccurses.s):00368         *      6,U:    2 bytes: num_columns: int
                      (   int/nccurses.s):00369         *      8,U:    2 bytes: begy: int
                      (   int/nccurses.s):00370         *     10,U:    2 bytes: begx: int
                      (   int/nccurses.s):00371         * Local non-static variable(s):
                      (   int/nccurses.s):00372         *     -2,U:    2 bytes: w: struct AnonStruct_nccurses.h:50 *
                      (   int/nccurses.s):00373         * Line nccurses.c:84: init of variable w
                      (   int/nccurses.s):00374         * Line nccurses.c:84: function call: sbrk()
0176 4F               (   int/nccurses.s):00375                 CLRA
0177 C60C             (   int/nccurses.s):00376                 LDB     #$0C            constant expression: 12 decimal, unsigned
0179 3406             (   int/nccurses.s):00377                 PSHS    B,A             argument 1 of sbrk(): unsigned int
017B 170000           (   int/nccurses.s):00378                 LBSR    _sbrk
017E 3262             (   int/nccurses.s):00379                 LEAS    2,S
                      (   int/nccurses.s):00380         * Emitted no code to cast `void *' to `struct AnonStruct_nccurses.h:50 *'
0180 ED5E             (   int/nccurses.s):00381                 STD     -2,U            variable w
                      (   int/nccurses.s):00382         * Line nccurses.c:85: assignment: =
0182 EC48             (   int/nccurses.s):00383                 LDD     8,U             variable `begy', declared at nccurses.c:82
                      (   int/nccurses.s):00384         * optim: stripUselessPushPull
                      (   int/nccurses.s):00385         * optim: optimizeLdx
                      (   int/nccurses.s):00386         * optim: stripUselessPushPull
0184 EDD8FE           (   int/nccurses.s):00387                 STD     [-2,U]          optim: optimizeLdx
                      (   int/nccurses.s):00388         * Line nccurses.c:86: assignment: =
0187 EC4A             (   int/nccurses.s):00389                 LDD     10,U            variable `begx', declared at nccurses.c:82
                      (   int/nccurses.s):00390         * optim: stripUselessPushPull
0189 AE5E             (   int/nccurses.s):00391                 LDX     -2,U            variable w
                      (   int/nccurses.s):00392         * optim: optimizeLeax
                      (   int/nccurses.s):00393         * optim: stripUselessPushPull
018B ED02             (   int/nccurses.s):00394                 STD     2,X             optim: optimizeLeax
                      (   int/nccurses.s):00395         * Line nccurses.c:87: assignment: =
018D EC44             (   int/nccurses.s):00396                 LDD     4,U             variable `num_lines', declared at nccurses.c:82
                      (   int/nccurses.s):00397         * optim: stripUselessPushPull
018F AE5E             (   int/nccurses.s):00398                 LDX     -2,U            variable w
                      (   int/nccurses.s):00399         * optim: optimizeLeax
                      (   int/nccurses.s):00400         * optim: stripUselessPushPull
0191 ED04             (   int/nccurses.s):00401                 STD     4,X             optim: optimizeLeax
                      (   int/nccurses.s):00402         * Line nccurses.c:88: assignment: =
0193 EC46             (   int/nccurses.s):00403                 LDD     6,U             variable `num_columns', declared at nccurses.c:82
                      (   int/nccurses.s):00404         * optim: stripUselessPushPull
0195 AE5E             (   int/nccurses.s):00405                 LDX     -2,U            variable w
                      (   int/nccurses.s):00406         * optim: optimizeLeax
                      (   int/nccurses.s):00407         * optim: stripUselessPushPull
0197 ED06             (   int/nccurses.s):00408                 STD     6,X             optim: optimizeLeax
                      (   int/nccurses.s):00409         * Line nccurses.c:89: assignment: =
0199 4F               (   int/nccurses.s):00410                 CLRA
019A 5F               (   int/nccurses.s):00411                 CLRB
                      (   int/nccurses.s):00412         * optim: stripUselessPushPull
019B AE5E             (   int/nccurses.s):00413                 LDX     -2,U            variable w
                      (   int/nccurses.s):00414         * optim: optimizeLeax
                      (   int/nccurses.s):00415         * optim: stripUselessPushPull
019D ED08             (   int/nccurses.s):00416                 STD     8,X             optim: optimizeLeax
                      (   int/nccurses.s):00417         * Line nccurses.c:90: assignment: =
                      (   int/nccurses.s):00418         * optim: removeClr
                      (   int/nccurses.s):00419         * optim: removeClr
                      (   int/nccurses.s):00420         * optim: stripUselessPushPull
019F AE5E             (   int/nccurses.s):00421                 LDX     -2,U            variable w
                      (   int/nccurses.s):00422         * optim: optimizeLeax
                      (   int/nccurses.s):00423         * optim: stripUselessPushPull
01A1 ED0A             (   int/nccurses.s):00424                 STD     10,X            optim: optimizeLeax
                      (   int/nccurses.s):00425         * Line nccurses.c:91: return with value
01A3 EC5E             (   int/nccurses.s):00426                 LDD     -2,U            variable `w', declared at nccurses.c:84
                      (   int/nccurses.s):00427         * optim: branchToNextLocation
                      (   int/nccurses.s):00428         * Useless label L00092 removed
01A5 32C4             (   int/nccurses.s):00429                 LEAS    ,U
01A7 35C0             (   int/nccurses.s):00430                 PULS    U,PC
                      (   int/nccurses.s):00431         * END FUNCTION newwin(): defined at nccurses.c:82
     01A9             (   int/nccurses.s):00432         funcend_newwin  EQU *
     0039             (   int/nccurses.s):00433         funcsize_newwin EQU     funcend_newwin-_newwin
                      (   int/nccurses.s):00434         _printf IMPORT
                      (   int/nccurses.s):00435         _putchar        IMPORT
                      (   int/nccurses.s):00436         _putstr IMPORT
                      (   int/nccurses.s):00437         _qsort  IMPORT
                      (   int/nccurses.s):00438         _rand   IMPORT
                      (   int/nccurses.s):00439         _readline       IMPORT
                      (   int/nccurses.s):00440         _readword       IMPORT
                      (   int/nccurses.s):00441         _returnNC       IMPORT
                      (   int/nccurses.s):00442         _sbrk   IMPORT
                      (   int/nccurses.s):00443         _sbrkmax        IMPORT
                      (   int/nccurses.s):00444         _setConsoleOutHook      IMPORT
                      (   int/nccurses.s):00445         _set_null_ptr_handler   IMPORT
                      (   int/nccurses.s):00446         _set_stack_overflow_handler     IMPORT
                      (   int/nccurses.s):00447         _sprintf        IMPORT
                      (   int/nccurses.s):00448         _sqrt16 IMPORT
                      (   int/nccurses.s):00449         _srand  IMPORT
                      (   int/nccurses.s):00450         _strcat IMPORT
                      (   int/nccurses.s):00451         _strchr IMPORT
                      (   int/nccurses.s):00452         _strcmp IMPORT
                      (   int/nccurses.s):00453         _strcpy IMPORT
                      (   int/nccurses.s):00454         _stricmp        IMPORT
                      (   int/nccurses.s):00455         _strlen IMPORT
                      (   int/nccurses.s):00456         _strlwr IMPORT
                      (   int/nccurses.s):00457         _strncmp        IMPORT
                      (   int/nccurses.s):00458         _strncpy        IMPORT
                      (   int/nccurses.s):00459         _strstr IMPORT
                      (   int/nccurses.s):00460         _strtol IMPORT
                      (   int/nccurses.s):00461         _strtoul        IMPORT
                      (   int/nccurses.s):00462         _strupr IMPORT
                      (   int/nccurses.s):00463         _subdww IMPORT
                      (   int/nccurses.s):00464         _tolower        IMPORT
                      (   int/nccurses.s):00465         _toupper        IMPORT
                      (   int/nccurses.s):00466         _ultoa10        IMPORT
                      (   int/nccurses.s):00467         _utoa10 IMPORT
                      (   int/nccurses.s):00468         _vprintf        IMPORT
                      (   int/nccurses.s):00469         _vsprintf       IMPORT
                      (   int/nccurses.s):00470         _wclear EXPORT
                      (   int/nccurses.s):00471         
                      (   int/nccurses.s):00472         
                      (   int/nccurses.s):00473         *******************************************************************************
                      (   int/nccurses.s):00474         
                      (   int/nccurses.s):00475         * FUNCTION wclear(): defined at nccurses.c:55
     01A9             (   int/nccurses.s):00476         _wclear EQU     *
                      (   int/nccurses.s):00477         * Calling convention: Default
01A9 3440             (   int/nccurses.s):00478                 PSHS    U
01AB 33E4             (   int/nccurses.s):00479                 LEAU    ,S
01AD 327C             (   int/nccurses.s):00480                 LEAS    -4,S
                      (   int/nccurses.s):00481         * Formal parameter(s):
                      (   int/nccurses.s):00482         *      4,U:    2 bytes: w: struct AnonStruct_nccurses.h:50 *
                      (   int/nccurses.s):00483         * Local non-static variable(s):
                      (   int/nccurses.s):00484         *     -4,U:    2 bytes: r: int
                      (   int/nccurses.s):00485         *     -2,U:    2 bytes: c: int
                      (   int/nccurses.s):00486         * Line nccurses.c:57: for init
                      (   int/nccurses.s):00487         * Line nccurses.c:57: assignment: =
01AF 4F               (   int/nccurses.s):00488                 CLRA
01B0 5F               (   int/nccurses.s):00489                 CLRB
01B1 ED5C             (   int/nccurses.s):00490                 STD     -4,U
01B3 2040             (   int/nccurses.s):00491                 BRA     L00107          jump to for condition
     01B5             (   int/nccurses.s):00492         L00106  EQU     *
                      (   int/nccurses.s):00493         * Line nccurses.c:57: for body
                      (   int/nccurses.s):00494         * Line nccurses.c:58: for init
                      (   int/nccurses.s):00495         * Line nccurses.c:58: assignment: =
01B5 4F               (   int/nccurses.s):00496                 CLRA
01B6 5F               (   int/nccurses.s):00497                 CLRB
01B7 ED5E             (   int/nccurses.s):00498                 STD     -2,U
01B9 2026             (   int/nccurses.s):00499                 BRA     L00111          jump to for condition
     01BB             (   int/nccurses.s):00500         L00110  EQU     *
                      (   int/nccurses.s):00501         * Line nccurses.c:58: for body
                      (   int/nccurses.s):00502         * Line nccurses.c:59: function call: ncMove()
                      (   int/nccurses.s):00503         * optim: optimizeStackOperations4
                      (   int/nccurses.s):00504         * optim: optimizeStackOperations4
01BB AE44             (   int/nccurses.s):00505                 LDX     4,U             variable w
01BD EC02             (   int/nccurses.s):00506                 LDD     2,X             member wcol of AnonStruct_nccurses.h:50
01BF E35E             (   int/nccurses.s):00507                 ADDD    -2,U            optim: optimizeStackOperations4
01C1 3406             (   int/nccurses.s):00508                 PSHS    B,A             argument 2 of ncMove(): int
                      (   int/nccurses.s):00509         * optim: optimizeStackOperations4
                      (   int/nccurses.s):00510         * optim: optimizeStackOperations4
01C3 AE44             (   int/nccurses.s):00511                 LDX     4,U             variable w
01C5 EC84             (   int/nccurses.s):00512                 LDD     ,X              member wrow of AnonStruct_nccurses.h:50
01C7 E35C             (   int/nccurses.s):00513                 ADDD    -4,U            optim: optimizeStackOperations4
01C9 3406             (   int/nccurses.s):00514                 PSHS    B,A             argument 1 of ncMove(): int
01CB 170000           (   int/nccurses.s):00515                 LBSR    _ncMove
01CE 3264             (   int/nccurses.s):00516                 LEAS    4,S
                      (   int/nccurses.s):00517         * Line nccurses.c:60: function call: PrintChr()
01D0 C620             (   int/nccurses.s):00518                 LDB     #$20            decimal 32 signed
01D2 1D               (   int/nccurses.s):00519                 SEX                     promoting byte argument to word
01D3 3406             (   int/nccurses.s):00520                 PSHS    B,A             argument 1 of PrintChr(): char
01D5 170000           (   int/nccurses.s):00521                 LBSR    _PrintChr
01D8 3262             (   int/nccurses.s):00522                 LEAS    2,S
                      (   int/nccurses.s):00523         * Useless label L00112 removed
                      (   int/nccurses.s):00524         * Line nccurses.c:58: for increment(s)
01DA EC5E             (   int/nccurses.s):00525                 LDD     -2,U
01DC C30001           (   int/nccurses.s):00526                 ADDD    #1
01DF ED5E             (   int/nccurses.s):00527                 STD     -2,U
     01E1             (   int/nccurses.s):00528         L00111  EQU     *
                      (   int/nccurses.s):00529         * Line nccurses.c:58: for condition
01E1 4F               (   int/nccurses.s):00530                 CLRA
                      (   int/nccurses.s):00531         * optim: removeUselessOps
                      (   int/nccurses.s):00532         * PSHS B,A optim: optimizeStackOperations1
01E2 AE44             (   int/nccurses.s):00533                 LDX     4,U             variable w
01E4 EC06             (   int/nccurses.s):00534                 LDD     6,X             member wwidth of AnonStruct_nccurses.h:50
01E6 C30001           (   int/nccurses.s):00535                 ADDD    #1              optim: optimizeStackOperations1
                      (   int/nccurses.s):00536         * optim: optimize16BitCompares
                      (   int/nccurses.s):00537         * optim: optimize16BitCompares
01E9 10A35E           (   int/nccurses.s):00538                 CMPD    -2,U            optim: optimize16BitCompares
01EC 2ECD             (   int/nccurses.s):00539                 BGT     L00110          optim: optimize16BitCompares
                      (   int/nccurses.s):00540         * optim: branchToNextLocation
                      (   int/nccurses.s):00541         * Useless label L00113 removed
                      (   int/nccurses.s):00542         * Useless label L00108 removed
                      (   int/nccurses.s):00543         * Line nccurses.c:57: for increment(s)
01EE EC5C             (   int/nccurses.s):00544                 LDD     -4,U
01F0 C30001           (   int/nccurses.s):00545                 ADDD    #1
01F3 ED5C             (   int/nccurses.s):00546                 STD     -4,U
     01F5             (   int/nccurses.s):00547         L00107  EQU     *
                      (   int/nccurses.s):00548         * Line nccurses.c:57: for condition
01F5 AE44             (   int/nccurses.s):00549                 LDX     4,U             variable w
                      (   int/nccurses.s):00550         * optim: optimizeStackOperations4
                      (   int/nccurses.s):00551         * optim: optimizeStackOperations4
01F7 EC5C             (   int/nccurses.s):00552                 LDD     -4,U            variable `r', declared at nccurses.c:56
01F9 10A304           (   int/nccurses.s):00553                 CMPD    4,X             optim: optimizeStackOperations4
01FC 2DB7             (   int/nccurses.s):00554                 BLT     L00106
                      (   int/nccurses.s):00555         * optim: branchToNextLocation
                      (   int/nccurses.s):00556         * Useless label L00109 removed
                      (   int/nccurses.s):00557         * Line nccurses.c:63: assignment: =
01FE 4F               (   int/nccurses.s):00558                 CLRA
01FF 5F               (   int/nccurses.s):00559                 CLRB
                      (   int/nccurses.s):00560         * optim: stripUselessPushPull
0200 AE44             (   int/nccurses.s):00561                 LDX     4,U             variable w
                      (   int/nccurses.s):00562         * optim: optimizeLeax
                      (   int/nccurses.s):00563         * optim: stripUselessPushPull
0202 ED08             (   int/nccurses.s):00564                 STD     8,X             optim: optimizeLeax
                      (   int/nccurses.s):00565         * Line nccurses.c:64: assignment: =
                      (   int/nccurses.s):00566         * optim: removeClr
                      (   int/nccurses.s):00567         * optim: removeClr
                      (   int/nccurses.s):00568         * optim: stripUselessPushPull
0204 AE44             (   int/nccurses.s):00569                 LDX     4,U             variable w
                      (   int/nccurses.s):00570         * optim: optimizeLeax
                      (   int/nccurses.s):00571         * optim: stripUselessPushPull
0206 ED0A             (   int/nccurses.s):00572                 STD     10,X            optim: optimizeLeax
                      (   int/nccurses.s):00573         * Useless label L00090 removed
0208 32C4             (   int/nccurses.s):00574                 LEAS    ,U
020A 35C0             (   int/nccurses.s):00575                 PULS    U,PC
                      (   int/nccurses.s):00576         * END FUNCTION wclear(): defined at nccurses.c:55
     020C             (   int/nccurses.s):00577         funcend_wclear  EQU *
     0063             (   int/nccurses.s):00578         funcsize_wclear EQU     funcend_wclear-_wclear
                      (   int/nccurses.s):00579         _wmove  EXPORT
                      (   int/nccurses.s):00580         
                      (   int/nccurses.s):00581         
                      (   int/nccurses.s):00582         *******************************************************************************
                      (   int/nccurses.s):00583         
                      (   int/nccurses.s):00584         * FUNCTION wmove(): defined at nccurses.c:47
     020C             (   int/nccurses.s):00585         _wmove  EQU     *
                      (   int/nccurses.s):00586         * Calling convention: Default
020C 3440             (   int/nccurses.s):00587                 PSHS    U
020E 33E4             (   int/nccurses.s):00588                 LEAU    ,S
                      (   int/nccurses.s):00589         * Formal parameter(s):
                      (   int/nccurses.s):00590         *      4,U:    2 bytes: w: struct AnonStruct_nccurses.h:50 *
                      (   int/nccurses.s):00591         *      6,U:    2 bytes: wrow: int
                      (   int/nccurses.s):00592         *      8,U:    2 bytes: wcol: int
                      (   int/nccurses.s):00593         * Line nccurses.c:48: assignment: =
0210 EC46             (   int/nccurses.s):00594                 LDD     6,U             variable `wrow', declared at nccurses.c:47
                      (   int/nccurses.s):00595         * optim: stripUselessPushPull
0212 AE44             (   int/nccurses.s):00596                 LDX     4,U             variable w
                      (   int/nccurses.s):00597         * optim: optimizeLeax
                      (   int/nccurses.s):00598         * optim: stripUselessPushPull
0214 ED08             (   int/nccurses.s):00599                 STD     8,X             optim: optimizeLeax
                      (   int/nccurses.s):00600         * Line nccurses.c:49: assignment: =
0216 EC48             (   int/nccurses.s):00601                 LDD     8,U             variable `wcol', declared at nccurses.c:47
                      (   int/nccurses.s):00602         * optim: stripUselessPushPull
0218 AE44             (   int/nccurses.s):00603                 LDX     4,U             variable w
                      (   int/nccurses.s):00604         * optim: optimizeLeax
                      (   int/nccurses.s):00605         * optim: stripUselessPushPull
021A ED0A             (   int/nccurses.s):00606                 STD     10,X            optim: optimizeLeax
                      (   int/nccurses.s):00607         * Line nccurses.c:51: function call: ncMove()
                      (   int/nccurses.s):00608         * optim: optimizeStackOperations4
                      (   int/nccurses.s):00609         * optim: optimizeStackOperations4
021C AE44             (   int/nccurses.s):00610                 LDX     4,U             variable w
021E EC02             (   int/nccurses.s):00611                 LDD     2,X             member wcol of AnonStruct_nccurses.h:50
0220 E348             (   int/nccurses.s):00612                 ADDD    8,U             optim: optimizeStackOperations4
0222 3406             (   int/nccurses.s):00613                 PSHS    B,A             argument 2 of ncMove(): int
                      (   int/nccurses.s):00614         * optim: optimizeStackOperations4
                      (   int/nccurses.s):00615         * optim: optimizeStackOperations4
0224 AE44             (   int/nccurses.s):00616                 LDX     4,U             variable w
0226 EC84             (   int/nccurses.s):00617                 LDD     ,X              member wrow of AnonStruct_nccurses.h:50
0228 E346             (   int/nccurses.s):00618                 ADDD    6,U             optim: optimizeStackOperations4
022A 3406             (   int/nccurses.s):00619                 PSHS    B,A             argument 1 of ncMove(): int
022C 170000           (   int/nccurses.s):00620                 LBSR    _ncMove
022F 3264             (   int/nccurses.s):00621                 LEAS    4,S
                      (   int/nccurses.s):00622         * Useless label L00089 removed
0231 32C4             (   int/nccurses.s):00623                 LEAS    ,U
0233 35C0             (   int/nccurses.s):00624                 PULS    U,PC
                      (   int/nccurses.s):00625         * END FUNCTION wmove(): defined at nccurses.c:47
     0235             (   int/nccurses.s):00626         funcend_wmove   EQU *
     0029             (   int/nccurses.s):00627         funcsize_wmove  EQU     funcend_wmove-_wmove
                      (   int/nccurses.s):00628         _wprintw        EXPORT
                      (   int/nccurses.s):00629         
                      (   int/nccurses.s):00630         
                      (   int/nccurses.s):00631         *******************************************************************************
                      (   int/nccurses.s):00632         
                      (   int/nccurses.s):00633         * FUNCTION wprintw(): defined at nccurses.c:68
     0235             (   int/nccurses.s):00634         _wprintw        EQU     *
                      (   int/nccurses.s):00635         * Calling convention: Default
0235 3440             (   int/nccurses.s):00636                 PSHS    U
0237 33E4             (   int/nccurses.s):00637                 LEAU    ,S
                      (   int/nccurses.s):00638         * Formal parameter(s):
                      (   int/nccurses.s):00639         *      4,U:    2 bytes: w: struct AnonStruct_nccurses.h:50 *
                      (   int/nccurses.s):00640         *      6,U:    2 bytes: outString: char *
                      (   int/nccurses.s):00641         *      8,U:    2 bytes: arg1: int
                      (   int/nccurses.s):00642         * Line nccurses.c:70: function call: ncMove()
0239 AE44             (   int/nccurses.s):00643                 LDX     4,U             variable w
023B EC0A             (   int/nccurses.s):00644                 LDD     10,X            member dispcol of AnonStruct_nccurses.h:50
023D 3406             (   int/nccurses.s):00645                 PSHS    B,A
023F AE44             (   int/nccurses.s):00646                 LDX     4,U             variable w
0241 EC02             (   int/nccurses.s):00647                 LDD     2,X             member wcol of AnonStruct_nccurses.h:50
0243 E3E1             (   int/nccurses.s):00648                 ADDD    ,S++
0245 3406             (   int/nccurses.s):00649                 PSHS    B,A             argument 2 of ncMove(): int
0247 AE44             (   int/nccurses.s):00650                 LDX     4,U             variable w
0249 EC08             (   int/nccurses.s):00651                 LDD     8,X             member disprow of AnonStruct_nccurses.h:50
024B 3406             (   int/nccurses.s):00652                 PSHS    B,A
024D AE44             (   int/nccurses.s):00653                 LDX     4,U             variable w
024F EC84             (   int/nccurses.s):00654                 LDD     ,X              member wrow of AnonStruct_nccurses.h:50
0251 E3E1             (   int/nccurses.s):00655                 ADDD    ,S++
0253 3406             (   int/nccurses.s):00656                 PSHS    B,A             argument 1 of ncMove(): int
0255 170000           (   int/nccurses.s):00657                 LBSR    _ncMove
0258 3264             (   int/nccurses.s):00658                 LEAS    4,S
                      (   int/nccurses.s):00659         * Line nccurses.c:71: function call: printf()
025A EC48             (   int/nccurses.s):00660                 LDD     8,U             variable `arg1', declared at nccurses.c:68
025C 3406             (   int/nccurses.s):00661                 PSHS    B,A             argument 2 of printf(): int
025E EC46             (   int/nccurses.s):00662                 LDD     6,U             variable `outString', declared at nccurses.c:68
0260 3406             (   int/nccurses.s):00663                 PSHS    B,A             argument 1 of printf(): char *
0262 170000           (   int/nccurses.s):00664                 LBSR    _printf
0265 3264             (   int/nccurses.s):00665                 LEAS    4,S
                      (   int/nccurses.s):00666         * Line nccurses.c:73: if
0267 AE44             (   int/nccurses.s):00667                 LDX     4,U             variable w
0269 EC04             (   int/nccurses.s):00668                 LDD     4,X             member wheight of AnonStruct_nccurses.h:50
026B 3406             (   int/nccurses.s):00669                 PSHS    B,A
026D AE44             (   int/nccurses.s):00670                 LDX     4,U             variable w
026F EC08             (   int/nccurses.s):00671                 LDD     8,X             member disprow of AnonStruct_nccurses.h:50
0271 10A3E1           (   int/nccurses.s):00672                 CMPD    ,S++
0274 2608             (   int/nccurses.s):00673                 BNE     L00115           (optim: condBranchOverUncondBranch)
                      (   int/nccurses.s):00674         * optim: condBranchOverUncondBranch
                      (   int/nccurses.s):00675         * Useless label L00114 removed
                      (   int/nccurses.s):00676         * Line nccurses.c:73
                      (   int/nccurses.s):00677         * Line nccurses.c:74: assignment: =
0276 4F               (   int/nccurses.s):00678                 CLRA
0277 5F               (   int/nccurses.s):00679                 CLRB
                      (   int/nccurses.s):00680         * optim: stripUselessPushPull
0278 AE44             (   int/nccurses.s):00681                 LDX     4,U             variable w
                      (   int/nccurses.s):00682         * optim: optimizeLeax
                      (   int/nccurses.s):00683         * optim: stripUselessPushPull
027A ED08             (   int/nccurses.s):00684                 STD     8,X             optim: optimizeLeax
027C 200E             (   int/nccurses.s):00685                 BRA     L00116          jump over else clause
     027E             (   int/nccurses.s):00686         L00115  EQU     *               else clause of if() started at nccurses.c:73
                      (   int/nccurses.s):00687         * Line nccurses.c:75
                      (   int/nccurses.s):00688         * Line nccurses.c:76: assignment: =
027E 4F               (   int/nccurses.s):00689                 CLRA
027F C601             (   int/nccurses.s):00690                 LDB     #$01            decimal 1 signed
                      (   int/nccurses.s):00691         * PSHS B,A optim: optimizeStackOperations1
0281 AE44             (   int/nccurses.s):00692                 LDX     4,U             variable w
0283 EC08             (   int/nccurses.s):00693                 LDD     8,X             member disprow of AnonStruct_nccurses.h:50
0285 C30001           (   int/nccurses.s):00694                 ADDD    #1              optim: optimizeStackOperations1
                      (   int/nccurses.s):00695         * optim: stripUselessPushPull
0288 AE44             (   int/nccurses.s):00696                 LDX     4,U             variable w
                      (   int/nccurses.s):00697         * optim: optimizeLeax
                      (   int/nccurses.s):00698         * optim: stripUselessPushPull
028A ED08             (   int/nccurses.s):00699                 STD     8,X             optim: optimizeLeax
     028C             (   int/nccurses.s):00700         L00116  EQU     *               end of if() started at nccurses.c:73
                      (   int/nccurses.s):00701         * Line nccurses.c:78: assignment: =
028C 4F               (   int/nccurses.s):00702                 CLRA
028D 5F               (   int/nccurses.s):00703                 CLRB
                      (   int/nccurses.s):00704         * optim: stripUselessPushPull
028E AE44             (   int/nccurses.s):00705                 LDX     4,U             variable w
                      (   int/nccurses.s):00706         * optim: optimizeLeax
                      (   int/nccurses.s):00707         * optim: stripUselessPushPull
0290 ED0A             (   int/nccurses.s):00708                 STD     10,X            optim: optimizeLeax
                      (   int/nccurses.s):00709         * Useless label L00091 removed
0292 32C4             (   int/nccurses.s):00710                 LEAS    ,U
0294 35C0             (   int/nccurses.s):00711                 PULS    U,PC
                      (   int/nccurses.s):00712         * END FUNCTION wprintw(): defined at nccurses.c:68
     0296             (   int/nccurses.s):00713         funcend_wprintw EQU *
     0061             (   int/nccurses.s):00714         funcsize_wprintw        EQU     funcend_wprintw-_wprintw
                      (   int/nccurses.s):00715         _zerodw IMPORT
                      (   int/nccurses.s):00716         
                      (   int/nccurses.s):00717         
                      (   int/nccurses.s):00718                 ENDSECTION
                      (   int/nccurses.s):00719         
                      (   int/nccurses.s):00720         
                      (   int/nccurses.s):00721         
                      (   int/nccurses.s):00722         
                      (   int/nccurses.s):00723                 SECTION initgl
                      (   int/nccurses.s):00724         
                      (   int/nccurses.s):00725         
                      (   int/nccurses.s):00726         
                      (   int/nccurses.s):00727         
                      (   int/nccurses.s):00728         *******************************************************************************
                      (   int/nccurses.s):00729         
                      (   int/nccurses.s):00730         * Initialize global variables.
                      (   int/nccurses.s):00731         
                      (   int/nccurses.s):00732         
                      (   int/nccurses.s):00733                 ENDSECTION
                      (   int/nccurses.s):00734         
                      (   int/nccurses.s):00735         
                      (   int/nccurses.s):00736         
                      (   int/nccurses.s):00737         
                      (   int/nccurses.s):00738                 SECTION rodata
                      (   int/nccurses.s):00739         
                      (   int/nccurses.s):00740         
     0000             (   int/nccurses.s):00741         string_literals_start   EQU     *
     0000             (   int/nccurses.s):00742         string_literals_end     EQU     *
                      (   int/nccurses.s):00743         
                      (   int/nccurses.s):00744         
                      (   int/nccurses.s):00745         *******************************************************************************
                      (   int/nccurses.s):00746         
                      (   int/nccurses.s):00747         * READ-ONLY GLOBAL VARIABLES
                      (   int/nccurses.s):00748         
                      (   int/nccurses.s):00749         
                      (   int/nccurses.s):00750                 ENDSECTION
                      (   int/nccurses.s):00751         
                      (   int/nccurses.s):00752         
                      (   int/nccurses.s):00753         
                      (   int/nccurses.s):00754         
                      (   int/nccurses.s):00755         *******************************************************************************
                      (   int/nccurses.s):00756         
                      (   int/nccurses.s):00757         * WRITABLE DATA SECTION
                      (   int/nccurses.s):00758         
                      (   int/nccurses.s):00759         
                      (   int/nccurses.s):00760                 SECTION rwdata
                      (   int/nccurses.s):00761         
                      (   int/nccurses.s):00762         
                      (   int/nccurses.s):00763         * Statically-initialized global variables
                      (   int/nccurses.s):00764         * Statically-initialized local static variables
                      (   int/nccurses.s):00765         
                      (   int/nccurses.s):00766         
                      (   int/nccurses.s):00767                 ENDSECTION
                      (   int/nccurses.s):00768         
                      (   int/nccurses.s):00769         
                      (   int/nccurses.s):00770         
                      (   int/nccurses.s):00771         
                      (   int/nccurses.s):00772                 SECTION bss
                      (   int/nccurses.s):00773         
                      (   int/nccurses.s):00774         
     0000             (   int/nccurses.s):00775         bss_start       EQU     *
                      (   int/nccurses.s):00776         * Uninitialized global variables
                      (   int/nccurses.s):00777         * Uninitialized local static variables
     0000             (   int/nccurses.s):00778         bss_end EQU     *
                      (   int/nccurses.s):00779         
                      (   int/nccurses.s):00780         
                      (   int/nccurses.s):00781                 ENDSECTION
                      (   int/nccurses.s):00782         
                      (   int/nccurses.s):00783         
                      (   int/nccurses.s):00784         
                      (   int/nccurses.s):00785         
                      (   int/nccurses.s):00786         *******************************************************************************
                      (   int/nccurses.s):00787         
                      (   int/nccurses.s):00788         * Importing 4 utility routine(s).
                      (   int/nccurses.s):00789         _PrintChr       IMPORT
                      (   int/nccurses.s):00790         _ncMove IMPORT
                      (   int/nccurses.s):00791         _printf IMPORT
                      (   int/nccurses.s):00792         _sbrk   IMPORT
                      (   int/nccurses.s):00793         
                      (   int/nccurses.s):00794         
                      (   int/nccurses.s):00795         *******************************************************************************
                      (   int/nccurses.s):00796         
                      (   int/nccurses.s):00797                 END
